-3182
14 23 -100
14 27 -100
7 27 -100
17 15 -100
28 7 -100
10 9 -100
2 0 -100
29 9 -99
10 8 -99
5 11 -99
20 6 -98
4 13 -98
4 2 -98
17 10 -98
22 19 -97
24 3 -97
25 3 -97
25 5 -96
29 21 -96
7 29 -95
16 11 -95
1 7 -95
1 4 -95
0 15 -94
28 15 -94
23 20 -94
9 28 -93
16 7 -93
17 3 -93
2 9 -93
0 17 -92
19 29 -92
26 15 -92
6 29 -92
16 17 -92
29 11 -92
27 26 -92
0 10 -91
0 18 -91
19 11 -91
4 10 -91
24 8 -91
16 5 -91
17 19 -91
28 5 -91
12 1 -91
2 26 -91
14 11 -90
17 27 -90
12 16 -90
23 15 -90
21 17 -89
19 26 -89
15 25 -88
7 12 -88
9 23 -88
2 1 -88
2 23 -88
14 17 -87
18 16 -87
6 15 -87
10 16 -87
20 25 -86
11 1 -85
11 29 -85
5 8 -85
21 10 -84
16 19 -84
29 3 -84
27 22 -83
15 22 -82
8 21 -82
25 1 -82
16 15 -81
27 7 -81
1 8 -81
14 9 -80
19 12 -80
20 0 -80
26 22 -80
3 26 -80
27 19 -80
10 4 -79
23 17 -79
13 3 -78
22 25 -78
4 16 -78
17 11 -78
13 8 -77
26 5 -77
6 28 -77
12 3 -77
19 14 -76
27 29 -76
0 20 -75
8 0 -75
13 1 -75
9 10 -75
12 2 -75
13 7 -74
13 22 -74
26 12 -74
3 29 -74
5 14 -74
9 6 -73
25 26 -73
28 0 -73
27 20 -73
11 2 -72
25 6 -72
2 29 -72
21 6 -71
11 7 -71
24 17 -71
6 20 -71
13 6 -70
24 4 -70
18 29 -70
25 8 -69
21 27 -68
13 23 -68
13 28 -68
9 20 -68
6 14 -68
29 13 -68
2 17 -68
0 9 -67
19 3 -67
17 14 -67
29 10 -67
28 29 -67
23 3 -67
2 22 -67
6 16 -66
16 23 -66
27 5 -66
0 4 -65
21 25 -65
9 24 -65
25 24 -65
16 2 -65
28 1 -65
12 21 -65
29 19 -64
5 25 -64
12 19 -64
14 16 -63
13 15 -63
11 28 -63
23 19 -63
28 9 -63
15 28 -62
3 16 -62
17 25 -62
0 8 -61
14 19 -61
20 24 -61
21 12 -60
13 9 -60
22 23 -60
11 14 -60
26 25 -60
24 7 -60
7 17 -59
3 28 -59
18 11 -59
4 24 -58
26 9 -58
24 12 -58
17 6 -57
20 23 -56
20 18 -56
11 27 -56
16 21 -56
26 18 -56
5 24 -56
13 5 -55
4 1 -55
11 9 -55
9 2 -55
9 13 -55
25 4 -55
26 29 -55
27 23 -55
29 8 -55
12 28 -55
14 0 -54
2 21 -54
1 24 -54
24 22 -53
11 23 -52
25 22 -50
1 16 -50
16 28 -50
16 22 -50
11 4 -49
7 28 -49
21 18 -49
6 26 -49
14 22 -49
5 12 -49
1 10 -49
26 16 -48
15 0 -48
7 0 -48
8 23 -48
18 8 -48
5 0 -48
7 9 -47
8 28 -47
16 0 -47
14 2 -47
15 7 -46
25 19 -46
6 10 -46
2 27 -46
10 24 -46
10 11 -46
8 5 -45
22 29 -45
25 2 -45
16 8 -45
29 27 -45
26 0 -44
22 7 -44
25 14 -44
6 3 -44
24 18 -44
24 19 -44
15 11 -43
8 12 -43
4 0 -42
22 16 -42
15 27 -42
25 27 -42
18 20 -42
12 20 -42
18 6 -41
4 29 -40
9 18 -40
24 6 -40
0 16 -39
26 10 -39
27 17 -39
1 21 -38
8 4 -38
13 21 -38
19 24 -38
20 3 -38
25 7 -38
0 12 -37
20 26 -37
24 25 -37
12 18 -37
12 24 -37
7 23 -36
15 20 -35
18 0 -35
27 18 -35
12 10 -35
19 10 -34
14 18 -34
29 2 -34
24 2 -34
23 7 -33
22 8 -33
3 11 -33
27 25 -33
9 26 -33
20 19 -32
26 20 -32
3 0 -32
3 7 -32
25 23 -32
14 10 -32
27 24 -32
16 18 -32
24 23 -32
12 25 -32
22 24 -31
14 28 -31
29 24 -31
21 0 -30
6 18 -30
18 10 -30
5 27 -30
11 18 -30
29 14 -30
0 26 -29
23 0 -29
20 12 -29
2 28 -29
18 19 -28
18 4 -28
7 13 -28
7 6 -28
5 16 -28
28 14 -28
17 0 -27
18 27 -27
29 28 -27
14 25 -26
16 4 -26
2 7 -26
4 28 -25
18 9 -25
14 24 -25
24 26 -25
8 10 -24
25 21 -24
11 15 -24
9 0 -24
4 12 -23
7 8 -23
16 20 -23
0 11 -22
1 9 -22
1 14 -22
26 17 -22
10 26 -22
5 23 -22
2 4 -22
0 13 -21
21 1 -21
22 28 -21
6 19 -21
18 28 -21
14 4 -21
28 24 -21
0 21 -20
1 20 -20
21 19 -20
4 27 -20
26 23 -20
18 24 -20
13 12 -20
23 24 -20
16 6 -20
1 11 -19
21 11 -19
20 22 -19
21 3 -18
0 6 -17
3 22 -17
13 10 -17
17 2 -17
5 21 -17
5 1 -17
1 12 -16
26 3 -16
29 12 -16
11 22 -16
19 17 -15
25 11 -15
27 28 -15
12 9 -15
11 17 -15
7 25 -14
10 27 -14
9 25 -14
2 11 -14
4 18 -13
7 3 -13
13 27 -13
23 28 -13
5 19 -13
24 21 -13
6 5 -12
10 1 -12
27 15 -12
23 2 -12
20 17 -12
7 1 -11
10 0 -11
12 17 -11
11 25 -11
17 16 -11
19 9 -10
4 23 -10
26 19 -10
15 17 -10
15 1 -10
10 3 -10
23 6 -10
29 26 -9
23 25 -9
2 25 -9
5 3 -9
17 4 -8
8 27 -7
4 9 -7
3 5 -7
13 26 -7
12 13 -7
16 25 -7
22 12 -6
15 21 -6
3 21 -6
14 13 -6
13 19 -6
12 8 -6
16 29 -6
3 1 -5
14 1 -5
23 4 -5
2 16 -5
17 23 -5
26 14 -4
26 2 -4
29 7 -4
13 2 -4
10 29 -4
27 3 -4
7 10 -3
10 5 -3
11 19 -3
21 22 -2
19 20 -2
4 19 -2
6 17 -2
27 1 -2
11 3 -2
24 14 -1
19 6 0
26 27 0
25 18 0
3 6 0
20 4 0
8 9 1
22 21 1
15 14 1
15 2 1
18 5 1
24 29 1
23 5 2
12 23 2
1 15 3
15 10 3
20 14 3
0 24 4
15 3 4
11 0 4
17 1 4
7 18 5
19 1 5
28 25 5
11 13 6
13 17 6
23 14 6
16 27 6
9 19 6
0 25 7
20 29 7
6 22 8
22 4 8
3 2 8
7 5 9
15 18 9
15 19 9
16 13 9
4 25 10
22 2 10
24 16 10
18 25 10
27 9 10
6 23 11
5 4 11
3 13 11
18 17 11
20 16 11
17 21 11
15 26 12
13 11 12
15 23 12
26 13 13
28 8 13
2 20 13
24 5 14
20 9 14
14 6 15
27 13 15
7 24 16
9 16 16
3 24 16
10 6 16
6 25 17
6 11 17
18 22 17
15 6 17
9 22 18
9 7 18
29 15 18
22 18 18
4 11 18
8 20 19
21 28 19
2 12 19
20 2 19
26 1 20
5 9 20
11 24 20
3 14 20
20 5 20
6 1 21
26 21 21
11 12 21
22 13 21
21 20 22
6 24 22
29 18 22
7 2 23
9 27 23
13 0 23
23 13 23
18 1 23
22 20 23
28 18 23
24 13 23
24 9 23
2 14 23
7 21 24
20 1 24
10 7 24
0 14 25
20 21 25
9 15 25
25 15 25
29 22 25
4 3 25
24 15 25
27 2 25
27 14 25
6 27 26
4 14 26
23 8 26
19 13 26
17 18 26
8 25 27
9 17 27
9 11 28
18 21 28
3 18 28
3 8 28
29 25 28
10 13 28
10 15 28
15 29 28
0 7 29
6 9 29
5 20 29
23 18 29
21 13 30
5 10 30
11 21 30
24 10 30
9 21 30
17 28 30
12 26 30
14 7 31
6 21 31
25 10 31
22 27 32
10 21 32
26 4 33
7 14 33
20 8 33
20 13 33
14 12 34
6 13 34
6 4 34
6 8 34
2 18 34
8 15 35
22 0 35
18 26 35
12 27 35
26 8 36
24 11 36
2 5 36
10 2 36
3 25 36
29 20 36
0 22 37
8 13 37
19 15 37
18 7 37
23 10 37
25 13 37
1 0 38
21 14 38
15 9 38
28 22 38
0 29 39
13 24 39
1 29 39
9 8 39
17 5 39
16 1 40
15 13 41
2 24 41
24 0 42
23 22 42
8 7 42
7 20 42
29 1 42
8 6 43
21 4 43
17 20 43
17 22 43
5 18 43
18 2 43
29 4 43
0 27 44
17 13 44
6 12 44
4 20 44
4 8 44
28 23 45
3 10 45
18 3 45
21 29 46
22 5 46
6 0 46
16 14 46
29 17 46
12 7 47
27 10 47
25 20 47
7 11 47
23 9 47
29 23 47
22 15 48
19 18 48
28 17 48
26 24 48
16 26 48
23 27 48
10 18 49
28 3 49
24 1 49
17 8 49
23 29 49
29 16 49
29 0 50
19 5 51
15 12 51
7 26 51
26 11 51
11 10 51
17 26 51
4 26 51
12 0 52
1 2 52
22 11 52
22 9 52
11 26 52
21 2 53
16 10 53
27 16 53
27 11 53
19 7 54
1 25 54
14 5 54
26 7 54
8 26 55
14 26 55
28 6 55
12 14 55
19 8 56
1 23 56
13 4 56
6 7 56
19 16 57
8 18 57
21 7 57
9 14 57
28 16 58
25 29 58
2 10 58
5 6 58
19 22 59
8 17 59
28 21 59
22 26 59
18 15 59
0 23 60
10 28 60
3 15 60
3 19 60
12 6 60
27 0 60
19 28 61
8 3 62
21 9 62
5 13 62
11 16 62
28 4 63
28 13 63
28 2 63
28 26 64
24 27 64
22 10 64
16 9 65
12 4 65
23 12 65
2 15 66
17 7 66
17 12 66
18 12 66
8 16 67
13 18 67
11 20 67
23 21 67
19 25 68
19 21 68
2 8 68
11 6 68
28 27 68
25 9 68
20 11 68
7 22 68
4 17 68
8 1 69
22 17 69
10 25 69
28 10 69
3 27 69
1 18 70
2 19 70
15 5 70
23 26 70
22 14 71
14 8 71
1 3 72
10 14 72
4 5 72
9 3 72
28 12 72
5 15 73
1 27 74
5 2 74
24 20 74
1 26 75
10 22 75
10 17 75
8 22 75
21 8 75
29 5 75
1 17 76
10 19 76
27 6 76
14 20 76
14 3 76
25 0 76
0 5 77
20 28 77
21 16 77
19 0 78
4 15 78
4 21 78
12 5 78
12 15 78
13 25 79
19 2 79
19 4 79
14 21 79
5 7 79
4 6 79
26 6 79
10 12 80
5 26 80
3 20 81
22 6 81
2 13 81
15 16 81
3 17 82
1 19 82
23 16 82
8 11 82
1 5 83
13 29 83
24 28 83
21 23 83
14 15 83
20 7 84
5 28 84
21 5 84
7 15 84
6 2 84
28 11 85
8 19 85
9 5 85
3 9 86
1 13 86
10 20 87
19 23 87
21 15 88
3 23 89
9 12 89
22 3 90
27 12 90
16 3 90
19 27 90
2 3 91
1 28 91
27 21 94
12 11 92
7 4 95
22 1 96
