-16362
87 1 -100
66 14 -100
47 78 -100
74 73 -100
37 45 -99
99 27 -99
91 3 -99
65 58 -98
34 77 -98
62 39 -98
98 0 -98
50 83 -98
16 51 -98
96 88 -98
54 88 -97
61 49 -97
77 47 -97
43 65 -97
26 23 -97
87 88 -96
48 14 -96
57 97 -96
35 22 -96
85 23 -96
51 6 -96
83 20 -95
27 98 -95
35 73 -94
85 57 -94
16 30 -94
94 74 -94
84 41 -93
20 82 -93
52 48 -93
16 1 -93
97 27 -93
40 41 -93
73 25 -93
26 16 -93
59 48 -92
50 66 -92
90 32 -92
3 66 -92
49 24 -92
70 7 -91
21 72 -91
85 69 -91
42 72 -91
72 69 -91
88 79 -91
4 2 -90
72 98 -90
16 39 -90
0 83 -89
23 82 -89
93 3 -89
10 12 -89
36 54 -89
84 45 -88
70 8 -88
75 44 -88
25 9 -88
22 3 -88
88 78 -88
40 76 -88
15 20 -87
6 64 -87
6 77 -87
37 33 -87
85 86 -87
43 12 -87
82 97 -87
79 26 -86
1 47 -86
46 84 -86
68 79 -86
53 52 -86
67 49 -86
36 0 -86
21 84 -85
27 55 -85
50 76 -85
79 51 -84
6 52 -84
71 68 -84
98 94 -84
23 56 -84
23 25 -84
66 9 -84
49 6 -84
96 46 -84
80 68 -84
14 97 -83
93 24 -83
18 95 -83
3 8 -83
45 6 -82
46 13 -82
88 55 -82
53 54 -82
84 50 -81
93 4 -81
36 87 -81
87 81 -80
75 69 -80
62 45 -80
89 4 -80
76 86 -80
96 42 -80
2 80 -80
34 60 -79
83 31 -79
20 27 -79
94 24 -79
94 13 -79
78 6 -79
2 49 -79
36 18 -79
21 47 -78
90 22 -78
59 20 -78
60 63 -77
6 1 -77
31 12 -77
10 90 -77
48 87 -76
50 70 -76
15 72 -75
57 41 -75
61 25 -75
21 32 -75
47 88 -75
80 66 -75
58 10 -74
48 53 -74
61 71 -74
20 55 -74
94 39 -74
47 93 -74
96 78 -74
64 42 -74
88 97 -74
9 16 -74
34 68 -73
62 24 -73
93 63 -73
60 33 -73
10 88 -73
81 19 -72
68 23 -72
51 98 -72
14 30 -72
68 52 -71
95 37 -71
94 64 -71
68 93 -70
59 28 -70
32 27 -70
60 86 -70
28 9 -70
7 65 -70
53 65 -70
53 93 -70
79 58 -69
16 97 -69
86 91 -69
63 66 -68
83 72 -68
9 5 -68
4 14 -67
61 30 -67
35 64 -67
76 55 -67
50 60 -66
29 99 -66
29 60 -66
20 54 -66
2 42 -66
32 57 -66
66 49 -65
85 46 -65
99 81 -64
63 73 -64
31 84 -64
91 76 -64
43 84 -63
50 6 -63
19 7 -63
78 11 -63
79 71 -62
97 54 -62
51 97 -62
52 86 -62
62 95 -61
36 83 -61
50 46 -61
78 22 -61
88 33 -61
99 67 -61
82 38 -61
70 77 -60
35 34 -60
1 79 -60
6 56 -60
76 63 -60
15 45 -59
38 85 -59
92 55 -59
85 3 -59
95 5 -59
9 77 -59
30 45 -58
68 92 -58
56 95 -57
45 95 -57
79 30 -57
20 69 -57
99 96 -57
47 82 -57
45 29 -56
14 1 -56
78 67 -56
40 4 -56
40 69 -56
85 8 -56
60 91 -55
30 84 -55
59 8 -55
59 24 -55
78 10 -55
32 30 -55
54 97 -55
22 33 -55
0 63 -54
43 67 -54
3 91 -54
5 31 -54
67 66 -53
69 25 -53
84 75 -53
61 66 -53
48 18 -53
18 83 -53
52 22 -53
46 12 -52
15 53 -52
4 66 -52
86 74 -52
12 71 -52
17 28 -52
5 92 -52
14 54 -52
82 48 -52
89 37 -52
46 66 -51
90 6 -51
67 84 -51
3 46 -51
42 21 -51
95 22 -51
19 47 -51
0 12 -50
69 88 -50
52 97 -50
36 72 -49
2 27 -49
53 43 -49
22 52 -49
90 23 -48
41 92 -47
47 37 -47
61 54 -47
2 60 -47
97 35 -47
46 74 -47
83 39 -47
81 65 -46
3 56 -46
20 85 -46
79 3 -46
98 93 -45
17 55 -45
53 14 -45
59 79 -45
50 26 -44
53 80 -44
74 80 -44
39 63 -44
49 34 -44
89 84 -44
0 58 -43
90 89 -43
75 95 -43
47 36 -43
87 31 -43
6 14 -43
29 26 -42
18 2 -42
68 7 -42
62 52 -41
2 95 -41
76 66 -41
39 46 -41
48 90 -40
58 6 -40
51 91 -40
92 2 -40
41 39 -39
69 85 -39
47 56 -39
71 10 -39
14 87 -39
91 48 -39
58 2 -38
95 14 -38
53 8 -38
54 29 -38
39 76 -38
74 56 -38
6 35 -38
59 76 -38
15 14 -37
77 17 -37
76 33 -37
21 56 -37
14 88 -37
94 55 -37
4 26 -36
30 35 -36
97 2 -36
61 93 -36
15 13 -35
30 55 -35
18 94 -35
18 34 -35
59 47 -35
4 1 -34
69 4 -34
7 19 -34
20 64 -34
13 50 -34
48 10 -33
70 17 -33
47 5 -33
18 24 -33
16 25 -33
59 23 -33
57 74 -33
55 35 -32
43 47 -32
62 47 -32
53 68 -32
93 85 -32
56 37 -32
56 84 -32
81 13 -31
7 17 -31
84 98 -31
50 35 -31
20 87 -31
48 15 -30
3 21 -30
4 42 -30
98 24 -30
65 30 -30
34 7 -29
86 71 -29
35 14 -29
34 86 -29
47 62 -28
72 17 -28
54 22 -28
23 15 -27
23 72 -27
60 75 -26
43 7 -26
74 40 -26
19 55 -26
54 18 -26
80 54 -26
38 30 -26
81 59 -25
66 18 -25
3 65 -25
43 49 -25
95 69 -25
17 95 -25
10 99 -25
92 81 -25
11 66 -25
33 72 -25
24 11 -24
34 23 -24
40 94 -24
17 56 -24
97 60 -24
89 98 -24
0 27 -23
36 30 -23
31 19 -23
72 16 -23
35 72 -23
74 32 -23
32 92 -22
56 22 -22
80 97 -22
33 35 -22
55 81 -21
4 69 -21
37 27 -21
13 19 -21
36 58 -21
11 93 -21
46 35 -20
50 98 -20
31 26 -20
70 73 -20
77 28 -20
35 93 -20
0 16 -19
63 37 -19
32 88 -19
78 41 -19
64 35 -19
1 38 -19
7 28 -19
77 98 -18
78 57 -18
37 59 -18
27 7 -17
18 28 -17
79 87 -17
46 8 -16
88 63 -16
69 34 -16
76 80 -16
5 70 -16
83 13 -15
40 58 -15
35 57 -15
15 51 -14
22 82 -14
37 44 -14
25 59 -13
91 52 -13
0 20 -12
23 69 -12
13 76 -12
72 36 -11
54 98 -11
89 64 -10
8 51 -10
56 61 -10
67 58 -9
86 89 -9
79 25 -9
12 48 -8
86 99 -8
82 43 -8
25 87 -7
17 54 -7
32 2 -7
99 61 -7
66 55 -6
3 67 -6
46 23 -6
59 94 -6
73 64 -6
9 48 -6
48 13 -5
75 84 -5
55 52 -5
48 21 -4
77 32 -4
75 24 -4
2 18 -4
17 39 -4
58 93 -3
12 2 -3
75 40 -3
47 20 -3
98 40 -3
8 79 -3
97 56 -3
56 42 -3
16 61 -3
57 52 -3
58 96 -2
12 73 -2
25 72 -2
39 8 -2
74 76 -2
27 88 -2
72 53 -1
59 12 -1
31 2 0
39 18 0
21 41 0
1 76 0
76 13 0
30 0 1
50 72 1
69 89 1
41 34 2
12 56 2
12 24 2
32 56 2
63 74 2
50 79 2
98 44 2
14 74 2
53 40 2
17 79 2
21 25 2
26 58 3
45 2 3
20 47 3
36 6 3
59 5 3
40 26 3
92 95 4
16 99 4
12 58 5
31 92 5
19 81 5
2 15 5
32 43 6
24 79 6
89 12 6
6 16 6
38 20 6
58 50 7
12 22 7
2 64 7
23 95 7
77 3 7
57 59 7
94 83 7
0 21 8
58 23 8
59 11 8
55 92 8
45 17 9
63 13 9
94 80 9
4 61 10
44 91 10
49 21 10
14 98 10
40 64 10
37 87 10
89 54 11
53 82 11
93 18 11
10 94 11
35 8 11
35 61 11
61 96 11
85 96 11
29 75 12
97 11 12
63 3 12
67 41 12
82 92 12
81 0 13
14 80 13
77 81 13
67 90 13
48 76 14
28 34 14
13 64 14
12 64 14
72 73 14
76 16 14
69 68 14
61 6 14
71 89 15
49 93 15
57 93 15
67 4 15
16 79 15
58 81 16
46 37 16
83 74 16
73 72 16
59 68 16
67 9 16
78 96 16
70 83 17
83 63 17
69 1 17
24 78 17
99 68 17
56 89 17
78 75 17
4 81 18
47 50 18
72 61 18
21 51 18
67 35 18
89 92 19
60 79 19
64 72 19
92 61 19
94 16 19
81 8 19
91 73 19
50 13 19
50 15 19
45 63 20
72 45 20
97 39 20
3 10 20
79 46 20
98 25 20
67 99 21
25 86 21
27 20 21
37 40 21
35 18 22
67 70 22
48 2 22
64 95 22
27 89 22
22 78 22
10 79 22
68 34 22
53 97 22
24 50 22
69 54 23
66 43 23
53 91 23
75 6 24
13 55 24
31 42 25
96 25 25
3 19 25
84 69 25
92 10 25
55 85 26
92 99 26
60 49 26
4 94 27
61 38 27
14 8 28
40 22 28
54 76 28
39 64 29
36 84 29
96 40 30
44 50 30
89 32 30
39 78 30
40 51 30
81 90 30
63 86 31
1 94 31
7 4 31
5 64 31
71 31 31
86 42 32
15 24 32
28 84 32
2 88 32
84 78 32
42 16 33
68 33 33
52 88 33
7 10 33
83 78 33
18 40 33
90 41 34
66 40 34
16 17 34
76 29 34
35 15 34
30 20 35
3 62 35
46 3 35
52 46 35
39 82 35
26 65 35
49 30 35
81 26 35
8 74 35
0 43 36
21 34 36
3 77 36
24 34 36
45 66 37
66 46 37
34 55 37
62 98 37
40 80 37
3 39 38
34 97 38
19 12 38
37 50 38
77 1 39
51 89 39
33 39 39
89 22 40
62 71 40
14 26 40
53 0 40
85 93 40
31 96 40
37 58 40
86 55 41
61 83 41
1 21 41
64 54 41
44 51 42
4 70 42
63 72 43
15 29 43
89 63 43
80 11 43
50 63 44
5 21 44
58 28 44
49 71 44
93 12 44
41 48 45
75 77 45
19 25 45
75 43 45
37 61 45
29 90 46
43 62 46
83 54 47
28 11 47
90 7 47
67 34 48
47 96 48
71 56 48
49 28 48
37 0 48
8 23 49
0 40 50
74 5 50
62 7 50
20 61 50
89 53 50
99 73 50
48 66 51
29 64 51
71 95 51
2 97 51
77 44 51
12 53 51
89 83 51
40 6 51
25 71 52
25 18 52
28 78 52
26 42 52
50 23 52
1 97 53
4 67 53
29 46 53
60 93 53
51 47 53
28 15 53
79 77 53
39 20 54
82 76 54
96 59 54
11 54 55
20 46 55
64 59 55
23 64 55
28 6 55
82 27 55
27 8 55
64 67 56
97 83 56
54 90 56
74 1 57
32 46 57
42 86 57
49 11 57
98 82 58
73 5 58
61 11 59
62 42 59
27 59 59
60 84 60
5 8 61
21 68 62
62 23 62
47 14 63
42 12 64
90 17 65
17 94 65
30 44 66
52 23 66
66 4 67
32 44 67
46 34 72
2 62 74
20 32 75
42 20 90
94 21 78
